2024-05-31 17:54:52,221 INFO o.a.j.u.JMeterUtils: Setting Locale to en_IN
2024-05-31 17:54:52,248 INFO o.a.j.JMeter: Loading user properties from: user.properties
2024-05-31 17:54:52,248 INFO o.a.j.JMeter: Loading system properties from: system.properties
2024-05-31 17:54:52,256 INFO o.a.j.JMeter: Copyright (c) 1998-2022 The Apache Software Foundation
2024-05-31 17:54:52,256 INFO o.a.j.JMeter: Version 5.5
2024-05-31 17:54:52,256 INFO o.a.j.JMeter: java.version=1.8.0_391
2024-05-31 17:54:52,256 INFO o.a.j.JMeter: java.vm.name=Java HotSpot(TM) 64-Bit Server VM
2024-05-31 17:54:52,256 INFO o.a.j.JMeter: os.name=Windows 11
2024-05-31 17:54:52,256 INFO o.a.j.JMeter: os.arch=amd64
2024-05-31 17:54:52,256 INFO o.a.j.JMeter: os.version=10.0
2024-05-31 17:54:52,256 INFO o.a.j.JMeter: file.encoding=Cp1252
2024-05-31 17:54:52,256 INFO o.a.j.JMeter: java.awt.headless=null
2024-05-31 17:54:52,256 INFO o.a.j.JMeter: Max memory     =3745513472
2024-05-31 17:54:52,256 INFO o.a.j.JMeter: Available Processors =12
2024-05-31 17:54:52,256 INFO o.a.j.JMeter: Default Locale=English (India)
2024-05-31 17:54:52,269 INFO o.a.j.JMeter: JMeter  Locale=English (India)
2024-05-31 17:54:52,269 INFO o.a.j.JMeter: JMeterHome=C:\Users\dadeeja.pasupath\Downloads\apache-jmeter-5.5\apache-jmeter-5.5
2024-05-31 17:54:52,269 INFO o.a.j.JMeter: user.dir  =C:\Users\dadeeja.pasupath\Downloads\apache-jmeter-5.5\apache-jmeter-5.5\bin
2024-05-31 17:54:52,269 INFO o.a.j.JMeter: PWD       =C:\Users\dadeeja.pasupath\Downloads\apache-jmeter-5.5\apache-jmeter-5.5\bin
2024-05-31 17:54:52,269 INFO o.a.j.JMeter: IP: 192.168.23.49 Name: TIGER04486 FullName: TIGER04486.tigeranalytics.local
2024-05-31 17:54:52,285 INFO o.a.j.JMeter: Loaded icon properties from org/apache/jmeter/images/icon.properties
2024-05-31 17:54:52,689 INFO o.a.j.JMeterGuiLauncher: Setting LAF to: com.github.weisj.darklaf.DarkLaf:com.github.weisj.darklaf.theme.DarculaTheme
2024-05-31 17:54:56,211 INFO o.j.r.JARSourceHTTP: Requesting https://jmeter-plugins.org/repo/?installID=windows_11-ae2cc5b0cb6321bcffd346c5306f4a07-gui
2024-05-31 17:54:59,590 INFO o.j.r.PluginManager: Plugins Status: [jpgc-graphs-basic=2.0, jpgc-graphs-additional=2.0, jpgc-plugins-manager=1.10, jpgc-webdriver=4.13.0.0, jmeter-core=5.5, jmeter-ftp=5.5, jmeter-http=5.5, jmeter-jdbc=5.5, jmeter-jms=5.5, jmeter-junit=5.5, jmeter-java=5.5, jmeter-ldap=5.5, jmeter-mail=5.5, jmeter-mongodb=5.5, jmeter-native=5.5, jmeter-tcp=5.5, jmeter-components=5.5]
2024-05-31 17:55:09,964 INFO o.a.j.s.FileServer: Default base='C:\Users\dadeeja.pasupath\Downloads\apache-jmeter-5.5\apache-jmeter-5.5\bin'
2024-05-31 17:55:09,970 INFO o.a.j.g.a.Load: Loading file: C:\Users\dadeeja.pasupath\Downloads\PowerBIPageloadTest_Final_diffroles.jmx
2024-05-31 17:55:09,970 INFO o.a.j.s.FileServer: Set new base='C:\Users\dadeeja.pasupath\Downloads'
2024-05-31 17:55:10,186 INFO o.a.j.s.SaveService: Testplan (JMX) version: 2.2. Testlog (JTL) version: 2.2
2024-05-31 17:55:10,202 INFO o.a.j.s.SaveService: Using SaveService properties file encoding UTF-8
2024-05-31 17:55:10,202 INFO o.a.j.s.SaveService: Using SaveService properties version 5.0
2024-05-31 17:55:10,202 INFO o.a.j.s.SaveService: Loading file: C:\Users\dadeeja.pasupath\Downloads\PowerBIPageloadTest_Final_diffroles.jmx
2024-05-31 17:55:11,117 INFO o.a.j.e.KeyToolUtils: keytool found at 'keytool'
2024-05-31 17:55:11,117 INFO o.a.j.p.h.p.ProxyControl: HTTP(S) Test Script Recorder SSL Proxy will use keys that support embedded 3rd party resources in file C:\Users\dadeeja.pasupath\Downloads\apache-jmeter-5.5\apache-jmeter-5.5\bin\proxyserver.jks
2024-05-31 17:55:11,127 INFO o.a.j.p.h.s.HTTPSamplerBase: Parser for text/html is org.apache.jmeter.protocol.http.parser.LagartoBasedHtmlParser
2024-05-31 17:55:11,127 INFO o.a.j.p.h.s.HTTPSamplerBase: Parser for application/xhtml+xml is org.apache.jmeter.protocol.http.parser.LagartoBasedHtmlParser
2024-05-31 17:55:11,127 INFO o.a.j.p.h.s.HTTPSamplerBase: Parser for application/xml is org.apache.jmeter.protocol.http.parser.LagartoBasedHtmlParser
2024-05-31 17:55:11,127 INFO o.a.j.p.h.s.HTTPSamplerBase: Parser for text/xml is org.apache.jmeter.protocol.http.parser.LagartoBasedHtmlParser
2024-05-31 17:55:11,127 INFO o.a.j.p.h.s.HTTPSamplerBase: Parser for text/vnd.wap.wml is org.apache.jmeter.protocol.http.parser.RegexpHTMLParser
2024-05-31 17:55:11,127 INFO o.a.j.p.h.s.HTTPSamplerBase: Parser for text/css is org.apache.jmeter.protocol.http.parser.CssParser
2024-05-31 17:55:11,187 INFO o.a.j.s.SampleResult: Note: Sample TimeStamps are START times
2024-05-31 17:55:11,187 INFO o.a.j.s.SampleResult: sampleresult.default.encoding is set to ISO-8859-1
2024-05-31 17:55:11,187 INFO o.a.j.s.SampleResult: sampleresult.useNanoTime=true
2024-05-31 17:55:11,187 INFO o.a.j.s.SampleResult: sampleresult.nanoThreadSleep=5000
2024-05-31 17:55:12,373 INFO o.a.j.s.FileServer: Set new base='C:\Users\dadeeja.pasupath\Downloads'
2024-05-31 17:56:43,774 INFO o.a.j.e.StandardJMeterEngine: Running the test!
2024-05-31 17:56:43,774 INFO o.a.j.s.SampleEvent: List of sample_variables: []
2024-05-31 17:56:43,774 INFO o.a.j.s.SampleEvent: List of sample_variables: []
2024-05-31 17:56:43,790 INFO o.a.j.e.u.CompoundVariable: Note: Function class names must contain the string: '.functions.'
2024-05-31 17:56:43,790 INFO o.a.j.e.u.CompoundVariable: Note: Function class names must not contain the string: '.gui.'
2024-05-31 17:56:44,230 INFO o.a.j.g.u.JMeterMenuBar: setRunning(true, *local*)
2024-05-31 17:56:44,656 INFO o.a.j.e.StandardJMeterEngine: Starting ThreadGroup: 1 : Thread Group-Manager
2024-05-31 17:56:44,656 INFO o.a.j.e.StandardJMeterEngine: Starting 1 threads for group Thread Group-Manager.
2024-05-31 17:56:44,660 INFO o.a.j.e.StandardJMeterEngine: Thread will continue on error
2024-05-31 17:56:44,660 INFO o.a.j.t.ThreadGroup: Starting thread group... number=1 threads=1 ramp-up=1 delayedStart=false
2024-05-31 17:56:44,660 INFO o.a.j.t.ThreadGroup: Started thread group number 1
2024-05-31 17:56:44,660 INFO o.a.j.e.StandardJMeterEngine: All thread groups have been started
2024-05-31 17:56:44,660 INFO o.a.j.t.JMeterThread: Thread started: Thread Group-Manager 1-1
2024-05-31 17:56:44,687 ERROR o.a.j.t.JMeterThread: Error calling threadStarted
java.lang.IllegalStateException: Actual executable Unable to find executable for: D:\Practice\chromedriver-win64\chromedriver.exe
	at org.openqa.selenium.internal.Require$StateChecker.nonNull(Require.java:314) ~[selenium-api-4.13.0.jar:?]
	at org.openqa.selenium.os.OsProcess.<init>(OsProcess.java:65) ~[selenium-os-4.13.0.jar:?]
	at org.openqa.selenium.os.CommandLine.<init>(CommandLine.java:35) ~[selenium-os-4.13.0.jar:?]
	at org.openqa.selenium.remote.service.DriverService.start(DriverService.java:204) ~[selenium-remote-driver-4.13.0.jar:?]
	at com.googlecode.jmeter.plugins.webdriver.config.ChromeDriverConfig.getThreadService(ChromeDriverConfig.java:47) ~[jmeter-plugins-webdriver-4.13.0.0.jar:?]
	at com.googlecode.jmeter.plugins.webdriver.config.ChromeDriverConfig.createBrowser(ChromeDriverConfig.java:26) ~[jmeter-plugins-webdriver-4.13.0.0.jar:?]
	at com.googlecode.jmeter.plugins.webdriver.config.ChromeDriverConfig.createBrowser(ChromeDriverConfig.java:14) ~[jmeter-plugins-webdriver-4.13.0.0.jar:?]
	at com.googlecode.jmeter.plugins.webdriver.config.WebDriverConfig.getPreparedBrowser(WebDriverConfig.java:221) ~[jmeter-plugins-webdriver-4.13.0.0.jar:?]
	at com.googlecode.jmeter.plugins.webdriver.config.WebDriverConfig.threadStarted(WebDriverConfig.java:152) ~[jmeter-plugins-webdriver-4.13.0.0.jar:?]
	at org.apache.jmeter.threads.JMeterThread$ThreadListenerTraverser.addNode(JMeterThread.java:797) ~[ApacheJMeter_core.jar:5.5]
	at org.apache.jorphan.collections.HashTree.traverseInto(HashTree.java:993) ~[jorphan.jar:5.5]
	at org.apache.jorphan.collections.HashTree.traverse(HashTree.java:976) ~[jorphan.jar:5.5]
	at org.apache.jmeter.threads.JMeterThread.threadStarted(JMeterThread.java:765) ~[ApacheJMeter_core.jar:5.5]
	at org.apache.jmeter.threads.JMeterThread.initRun(JMeterThread.java:753) ~[ApacheJMeter_core.jar:5.5]
	at org.apache.jmeter.threads.JMeterThread.run(JMeterThread.java:264) ~[ApacheJMeter_core.jar:5.5]
	at java.lang.Thread.run(Unknown Source) ~[?:1.8.0_391]
2024-05-31 17:57:00,942 ERROR c.g.j.p.w.s.WebDriverSampler: javax.script.ScriptException: org.openqa.selenium.NoSuchWindowException: no such window: target window already closed
from unknown error: web view not found
  (Session info: chrome=125.0.6422.142)
Build info: version: '4.13.0', revision: 'ba948ece5b*'
System info: os.name: 'Windows 11', os.arch: 'amd64', os.version: '10.0', java.version: '1.8.0_391'
Driver info: org.openqa.selenium.chrome.ChromeDriver
Command: [ed1e779d05a8471cc9f5ac7c3041f2ed, getCurrentWindowHandle {}]
Capabilities {acceptInsecureCerts: false, browserName: chrome, browserVersion: 125.0.6422.142, chrome: {chromedriverVersion: 125.0.6422.141 (4b1e8393712..., userDataDir: C:\Users\DADEEJ~1.PAS\AppDa...}, fedcm:accounts: true, goog:chromeOptions: {debuggerAddress: localhost:54829}, networkConnectionEnabled: false, pageLoadStrategy: normal, platformName: windows, proxy: Proxy(system), se:cdp: ws://localhost:54829/devtoo..., se:cdpVersion: 125.0.6422.142, setWindowRect: true, strictFileInteractability: false, timeouts: {implicit: 0, pageLoad: 300000, script: 30000}, unhandledPromptBehavior: dismiss and notify, webauthn:extension:credBlob: true, webauthn:extension:largeBlob: true, webauthn:extension:minPinLength: true, webauthn:extension:prf: true, webauthn:virtualAuthenticators: true}
Session ID: ed1e779d05a8471cc9f5ac7c3041f2ed
2024-05-31 17:57:00,958 INFO o.a.j.t.JMeterThread: Thread is done: Thread Group-Manager 1-1
2024-05-31 17:57:00,959 INFO o.a.j.t.JMeterThread: Thread finished: Thread Group-Manager 1-1
2024-05-31 17:57:01,747 INFO o.a.j.e.StandardJMeterEngine: Notifying test listeners of end of test
2024-05-31 17:57:01,747 INFO o.a.j.g.u.JMeterMenuBar: setRunning(false, *local*)
2024-05-31 17:57:40,629 INFO o.a.j.e.StandardJMeterEngine: Running the test!
2024-05-31 17:57:40,645 INFO o.a.j.s.SampleEvent: List of sample_variables: []
2024-05-31 17:57:40,648 INFO o.a.j.g.u.JMeterMenuBar: setRunning(true, *local*)
2024-05-31 17:57:40,676 INFO o.a.j.e.StandardJMeterEngine: Starting ThreadGroup: 1 : Thread Group-Manager
2024-05-31 17:57:40,676 INFO o.a.j.e.StandardJMeterEngine: Starting 1 threads for group Thread Group-Manager.
2024-05-31 17:57:40,676 INFO o.a.j.e.StandardJMeterEngine: Thread will continue on error
2024-05-31 17:57:40,676 INFO o.a.j.t.ThreadGroup: Starting thread group... number=1 threads=1 ramp-up=1 delayedStart=false
2024-05-31 17:57:40,676 INFO o.a.j.t.ThreadGroup: Started thread group number 1
2024-05-31 17:57:40,676 INFO o.a.j.e.StandardJMeterEngine: All thread groups have been started
2024-05-31 17:57:40,690 INFO o.a.j.t.JMeterThread: Thread started: Thread Group-Manager 1-1
2024-05-31 17:57:40,700 ERROR o.a.j.t.JMeterThread: Error calling threadStarted
java.lang.IllegalStateException: Actual executable Unable to find executable for: D:\Practice\chromedriver-win64\chromedriver.exe
	at org.openqa.selenium.internal.Require$StateChecker.nonNull(Require.java:314) ~[selenium-api-4.13.0.jar:?]
	at org.openqa.selenium.os.OsProcess.<init>(OsProcess.java:65) ~[selenium-os-4.13.0.jar:?]
	at org.openqa.selenium.os.CommandLine.<init>(CommandLine.java:35) ~[selenium-os-4.13.0.jar:?]
	at org.openqa.selenium.remote.service.DriverService.start(DriverService.java:204) ~[selenium-remote-driver-4.13.0.jar:?]
	at com.googlecode.jmeter.plugins.webdriver.config.ChromeDriverConfig.getThreadService(ChromeDriverConfig.java:47) ~[jmeter-plugins-webdriver-4.13.0.0.jar:?]
	at com.googlecode.jmeter.plugins.webdriver.config.ChromeDriverConfig.createBrowser(ChromeDriverConfig.java:26) ~[jmeter-plugins-webdriver-4.13.0.0.jar:?]
	at com.googlecode.jmeter.plugins.webdriver.config.ChromeDriverConfig.createBrowser(ChromeDriverConfig.java:14) ~[jmeter-plugins-webdriver-4.13.0.0.jar:?]
	at com.googlecode.jmeter.plugins.webdriver.config.WebDriverConfig.getPreparedBrowser(WebDriverConfig.java:221) ~[jmeter-plugins-webdriver-4.13.0.0.jar:?]
	at com.googlecode.jmeter.plugins.webdriver.config.WebDriverConfig.threadStarted(WebDriverConfig.java:152) ~[jmeter-plugins-webdriver-4.13.0.0.jar:?]
	at org.apache.jmeter.threads.JMeterThread$ThreadListenerTraverser.addNode(JMeterThread.java:797) ~[ApacheJMeter_core.jar:5.5]
	at org.apache.jorphan.collections.HashTree.traverseInto(HashTree.java:993) ~[jorphan.jar:5.5]
	at org.apache.jorphan.collections.HashTree.traverse(HashTree.java:976) ~[jorphan.jar:5.5]
	at org.apache.jmeter.threads.JMeterThread.threadStarted(JMeterThread.java:765) ~[ApacheJMeter_core.jar:5.5]
	at org.apache.jmeter.threads.JMeterThread.initRun(JMeterThread.java:753) ~[ApacheJMeter_core.jar:5.5]
	at org.apache.jmeter.threads.JMeterThread.run(JMeterThread.java:264) ~[ApacheJMeter_core.jar:5.5]
	at java.lang.Thread.run(Unknown Source) ~[?:1.8.0_391]
2024-05-31 17:57:54,001 INFO c.g.j.p.w.s.WebDriverSampler: Sign in - Google Accounts
2024-05-31 17:58:36,197 INFO c.g.j.p.w.s.WebDriverSampler: Window 1 title = OneData Analytics
2024-05-31 17:58:53,134 INFO o.a.j.t.JMeterThread: Thread is done: Thread Group-Manager 1-1
2024-05-31 17:58:53,134 INFO o.a.j.t.JMeterThread: Thread finished: Thread Group-Manager 1-1
2024-05-31 17:58:54,374 INFO o.a.j.e.StandardJMeterEngine: Notifying test listeners of end of test
2024-05-31 17:58:54,374 INFO o.a.j.g.u.JMeterMenuBar: setRunning(false, *local*)
